<?xml version="1.0" encoding="UTF-8"?>
<!-- Generated by org.testng.reporters.JUnitReportReporter -->
<testsuite hostname="user-OptiPlex-9020" failures="0" tests="4" name="com.gahcomau.testcases.PricingPage.Pricing_Dropdown_getFreeQuote" time="43.225" errors="0" timestamp="2022-08-25T09:53:58 IST" skipped="0">
  <testcase classname="com.gahcomau.testcases.PricingPage.Pricing_Dropdown_getFreeQuote" name="Service_assignment_sub_law" time="9.039"/>
  <system-out/>
  <testcase classname="com.gahcomau.testcases.PricingPage.Pricing_Dropdown_getFreeQuote" name="Service_assignment_sub_law" time="9.811"/>
  <system-out/>
  <testcase classname="com.gahcomau.testcases.PricingPage.Pricing_Dropdown_getFreeQuote" name="Service_assignment_sub_law" time="8.971"/>
  <system-out/>
  <testcase classname="com.gahcomau.testcases.PricingPage.Pricing_Dropdown_getFreeQuote" name="Service_assignment_sub_law" time="15.404"/>
  <system-out/>
</testsuite> <!-- com.gahcomau.testcases.PricingPage.Pricing_Dropdown_getFreeQuote -->
