<?xml version="1.0" encoding="UTF-8"?>
<!-- Generated by org.testng.reporters.JUnitReportReporter -->
<testsuite hostname="user-OptiPlex-9020" failures="0" tests="6" name="com.gahcomau.testcases.Services_Main_Subject_Topic" time="192.442" errors="0" timestamp="2022-08-04T14:41:04 IST" skipped="0">
  <testcase classname="com.gahcomau.testcases.Services_Main_Subject_Topic" name="ExcelHomePageMenuTest" time="27.143"/>
  <system-out/>
  <testcase classname="com.gahcomau.testcases.Services_Main_Subject_Topic" name="ExcelHomePageMenuTest" time="28.666"/>
  <system-out/>
  <testcase classname="com.gahcomau.testcases.Services_Main_Subject_Topic" name="ExcelHomePageMenuTest" time="59.024"/>
  <system-out/>
  <testcase classname="com.gahcomau.testcases.Services_Main_Subject_Topic" name="ExcelHomePageMenuTest" time="25.809"/>
  <system-out/>
  <testcase classname="com.gahcomau.testcases.Services_Main_Subject_Topic" name="ExcelHomePageMenuTest" time="26.062"/>
  <system-out/>
  <testcase classname="com.gahcomau.testcases.Services_Main_Subject_Topic" name="ExcelHomePageMenuTest" time="25.738"/>
  <system-out/>
</testsuite> <!-- com.gahcomau.testcases.Services_Main_Subject_Topic -->
