<?xml version="1.0" encoding="UTF-8"?>
<!-- Generated by org.testng.reporters.JUnitReportReporter -->
<testsuite hostname="user-OptiPlex-9020" failures="0" tests="22" name="com.gahcomau.testcases.HomePage.GetFreeQuote_HomePage" time="103.821" errors="0" timestamp="2022-08-25T09:53:06 IST" skipped="0">
  <testcase classname="com.gahcomau.testcases.HomePage.GetFreeQuote_HomePage" name="dropdowntest" time="5.318"/>
  <system-out/>
  <testcase classname="com.gahcomau.testcases.HomePage.GetFreeQuote_HomePage" name="dropdowntest" time="6.219"/>
  <system-out/>
  <testcase classname="com.gahcomau.testcases.HomePage.GetFreeQuote_HomePage" name="dropdowntest" time="4.507"/>
  <system-out/>
  <testcase classname="com.gahcomau.testcases.HomePage.GetFreeQuote_HomePage" name="dropdowntest" time="4.998"/>
  <system-out/>
  <testcase classname="com.gahcomau.testcases.HomePage.GetFreeQuote_HomePage" name="dropdowntest" time="4.433"/>
  <system-out/>
  <testcase classname="com.gahcomau.testcases.HomePage.GetFreeQuote_HomePage" name="dropdowntest" time="4.544"/>
  <system-out/>
  <testcase classname="com.gahcomau.testcases.HomePage.GetFreeQuote_HomePage" name="dropdowntest" time="4.856"/>
  <system-out/>
  <testcase classname="com.gahcomau.testcases.HomePage.GetFreeQuote_HomePage" name="dropdowntest" time="4.530"/>
  <system-out/>
  <testcase classname="com.gahcomau.testcases.HomePage.GetFreeQuote_HomePage" name="dropdowntest" time="4.247"/>
  <system-out/>
  <testcase classname="com.gahcomau.testcases.HomePage.GetFreeQuote_HomePage" name="dropdowntest" time="4.594"/>
  <system-out/>
  <testcase classname="com.gahcomau.testcases.HomePage.GetFreeQuote_HomePage" name="dropdowntest" time="5.138"/>
  <system-out/>
  <testcase classname="com.gahcomau.testcases.HomePage.GetFreeQuote_HomePage" name="dropdowntest" time="4.627"/>
  <system-out/>
  <testcase classname="com.gahcomau.testcases.HomePage.GetFreeQuote_HomePage" name="dropdowntest" time="4.631"/>
  <system-out/>
  <testcase classname="com.gahcomau.testcases.HomePage.GetFreeQuote_HomePage" name="dropdowntest" time="4.696"/>
  <system-out/>
  <testcase classname="com.gahcomau.testcases.HomePage.GetFreeQuote_HomePage" name="dropdowntest" time="4.528"/>
  <system-out/>
  <testcase classname="com.gahcomau.testcases.HomePage.GetFreeQuote_HomePage" name="dropdowntest" time="4.454"/>
  <system-out/>
  <testcase classname="com.gahcomau.testcases.HomePage.GetFreeQuote_HomePage" name="dropdowntest" time="4.656"/>
  <system-out/>
  <testcase classname="com.gahcomau.testcases.HomePage.GetFreeQuote_HomePage" name="dropdowntest" time="4.584"/>
  <system-out/>
  <testcase classname="com.gahcomau.testcases.HomePage.GetFreeQuote_HomePage" name="dropdowntest" time="4.589"/>
  <system-out/>
  <testcase classname="com.gahcomau.testcases.HomePage.GetFreeQuote_HomePage" name="dropdowntest" time="4.576"/>
  <system-out/>
  <testcase classname="com.gahcomau.testcases.HomePage.GetFreeQuote_HomePage" name="dropdowntest" time="4.457"/>
  <system-out/>
  <testcase classname="com.gahcomau.testcases.HomePage.GetFreeQuote_HomePage" name="dropdowntest" time="4.639"/>
  <system-out/>
</testsuite> <!-- com.gahcomau.testcases.HomePage.GetFreeQuote_HomePage -->
