<?xml version="1.0" encoding="UTF-8"?>
<!-- Generated by org.testng.reporters.JUnitReportReporter -->
<testsuite hostname="user-OptiPlex-9020" failures="0" tests="1" name="com.gahcomau.testcases.NewUser_OrderPage_Test" time="83.978" errors="0" timestamp="2022-08-25T09:49:35 IST" skipped="0">
  <testcase classname="com.gahcomau.testcases.NewUser_OrderPage_Test" name="OrderPageTest" time="83.978"/>
  <system-out/>
</testsuite> <!-- com.gahcomau.testcases.NewUser_OrderPage_Test -->
