<?xml version="1.0" encoding="UTF-8"?>
<!-- Generated by org.testng.reporters.JUnitReportReporter -->
<testsuite hostname="user-OptiPlex-9020" failures="0" tests="1" name="com.gahcomau.testcases.Registered_User_Login" time="30.415" errors="0" timestamp="2022-08-25T09:50:12 IST" skipped="0">
  <testcase classname="com.gahcomau.testcases.Registered_User_Login" name="RegisteredUsersLogin" time="30.415"/>
  <system-out/>
</testsuite> <!-- com.gahcomau.testcases.Registered_User_Login -->
