<?xml version="1.0" encoding="UTF-8"?>
<!-- Generated by org.testng.reporters.JUnitReportReporter -->
<testsuite hostname="user-OptiPlex-9020" failures="0" tests="1" name="com.gahcomau.testcases.verify" time="11.097" errors="0" timestamp="2022-07-26T17:20:59 IST" skipped="0">
  <testcase classname="com.gahcomau.testcases.verify" name="VerifyLogoisclickableornot" time="11.097"/>
  <system-out/>
</testsuite> <!-- com.gahcomau.testcases.verify -->
