<?xml version="1.0" encoding="UTF-8"?>
<!-- Generated by org.testng.reporters.JUnitReportReporter -->
<testsuite hostname="user-OptiPlex-9020" failures="0" tests="2" name="com.gahcomau.testcases.NewUserOrderTest" time="5.831" errors="0" timestamp="2022-07-27T13:03:49 IST" skipped="0">
  <testcase classname="com.gahcomau.testcases.NewUserOrderTest" name="clickOnOption1" time="3.157"/>
  <system-out/>
  <testcase classname="com.gahcomau.testcases.NewUserOrderTest" name="getTitle" time="2.674"/>
  <system-out/>
</testsuite> <!-- com.gahcomau.testcases.NewUserOrderTest -->
