<?xml version="1.0" encoding="UTF-8"?>
<!-- Generated by org.testng.reporters.JUnitReportReporter -->
<testsuite hostname="user-OptiPlex-9020" failures="0" tests="1" name="com.gahcomau.testcases.Login_NewUser" time="94.095" errors="0" timestamp="2022-09-05T12:07:07 IST" skipped="0">
  <testcase classname="com.gahcomau.testcases.Login_NewUser" name="LoginNewUsers" time="94.095"/>
  <system-out/>
</testsuite> <!-- com.gahcomau.testcases.Login_NewUser -->
