<?xml version="1.0" encoding="UTF-8"?>
<!-- Generated by org.testng.reporters.JUnitReportReporter -->
<testsuite hostname="user-OptiPlex-9020" failures="0" tests="6" name="com.gahcomau.testcases.Services_Main_Subject_Topic" time="31.458" errors="0" timestamp="2022-08-25T09:50:50 IST" skipped="0">
  <testcase classname="com.gahcomau.testcases.Services_Main_Subject_Topic" name="ExcelHomePageMenuTest" time="6.250"/>
  <system-out/>
  <testcase classname="com.gahcomau.testcases.Services_Main_Subject_Topic" name="ExcelHomePageMenuTest" time="5.321"/>
  <system-out/>
  <testcase classname="com.gahcomau.testcases.Services_Main_Subject_Topic" name="ExcelHomePageMenuTest" time="4.895"/>
  <system-out/>
  <testcase classname="com.gahcomau.testcases.Services_Main_Subject_Topic" name="ExcelHomePageMenuTest" time="5.029"/>
  <system-out/>
  <testcase classname="com.gahcomau.testcases.Services_Main_Subject_Topic" name="ExcelHomePageMenuTest" time="5.256"/>
  <system-out/>
  <testcase classname="com.gahcomau.testcases.Services_Main_Subject_Topic" name="ExcelHomePageMenuTest" time="4.707"/>
  <system-out/>
</testsuite> <!-- com.gahcomau.testcases.Services_Main_Subject_Topic -->
