<?xml version="1.0" encoding="UTF-8"?>
<!-- Generated by org.testng.reporters.JUnitReportReporter -->
<testsuite hostname="user-OptiPlex-9020" failures="0" tests="1" name="com.gahcomau.testcases.Registered_User_Login" time="36.470" errors="0" timestamp="2022-08-06T11:41:16 IST" skipped="0">
  <testcase classname="com.gahcomau.testcases.Registered_User_Login" name="RegisteredUsersLogin" time="36.470"/>
  <system-out/>
</testsuite> <!-- com.gahcomau.testcases.Registered_User_Login -->
