<?xml version="1.0" encoding="UTF-8"?>
<!-- Generated by org.testng.reporters.JUnitReportReporter -->
<testsuite hostname="user-OptiPlex-9020" failures="0" tests="4" name="com.gahcomau.testcases.ServicesMain_Topic" time="19.725" errors="0" timestamp="2022-08-25T09:51:15 IST" skipped="0">
  <testcase classname="com.gahcomau.testcases.ServicesMain_Topic" name="ExcelHomePageMenuTest" time="4.842"/>
  <system-out/>
  <testcase classname="com.gahcomau.testcases.ServicesMain_Topic" name="ExcelHomePageMenuTest" time="5.512"/>
  <system-out/>
  <testcase classname="com.gahcomau.testcases.ServicesMain_Topic" name="ExcelHomePageMenuTest" time="4.670"/>
  <system-out/>
  <testcase classname="com.gahcomau.testcases.ServicesMain_Topic" name="ExcelHomePageMenuTest" time="4.701"/>
  <system-out/>
</testsuite> <!-- com.gahcomau.testcases.ServicesMain_Topic -->
