<?xml version="1.0" encoding="UTF-8"?>
<!-- Generated by org.testng.reporters.JUnitReportReporter -->
<testsuite hostname="user-OptiPlex-9020" failures="0" tests="4" name="com.gahcomau.testcases.turnitin" time="13.798" errors="0" timestamp="2022-08-30T17:57:10 IST" skipped="0">
  <testcase classname="com.gahcomau.testcases.turnitin" name="getTurnitin" time="4.446"/>
  <system-out/>
  <testcase classname="com.gahcomau.testcases.turnitin" name="getTurnitin" time="3.861"/>
  <system-out/>
  <testcase classname="com.gahcomau.testcases.turnitin" name="getTurnitin" time="3.063"/>
  <system-out/>
  <testcase classname="com.gahcomau.testcases.turnitin" name="getTurnitin" time="2.428"/>
  <system-out/>
</testsuite> <!-- com.gahcomau.testcases.turnitin -->
