<?xml version="1.0" encoding="UTF-8"?>
<!-- Generated by org.testng.reporters.JUnitReportReporter -->
<testsuite hostname="user-OptiPlex-9020" failures="0" tests="1" name="com.GahCom.AppTest" time="0.011" errors="0" timestamp="2022-07-26T13:23:51 IST" skipped="0">
  <testcase classname="com.GahCom.AppTest" name="shouldAnswerWithTrue" time="0.011"/>
  <system-out/>
</testsuite> <!-- com.GahCom.AppTest -->
